<?xml version="1.0" encoding="UTF-8"?>
<!-- Generated by org.testng.reporters.JUnitReportReporter -->
<testsuite hostname="LAPTOP-N5RAN06D" failures="0" tests="1" name="Project.AssertionSoft" time="4.116" errors="0" timestamp="2022-04-06T21:16:36 IST" skipped="0">
  <testcase classname="Project.AssertionSoft" name="f" time="4.116"/>
  <system-out/>
</testsuite> <!-- Project.AssertionSoft -->
