<?xml version="1.0" encoding="UTF-8"?>
<!-- Generated by org.testng.reporters.JUnitReportReporter -->
<testsuite hostname="LAPTOP-N5RAN06D" failures="0" tests="4" name="Project.Code2" time="1.431" errors="0" timestamp="2022-04-03T01:55:54 IST" skipped="0">
  <testcase classname="Project.Code2" name="NavBarCheck" time="1.036"/>
  <system-out/>
  <testcase classname="Project.Code2" name="HomePageCheck" time="0.076"/>
  <system-out/>
  <testcase classname="Project.Code2" name="CardCheck" time="0.085"/>
  <system-out/>
  <testcase classname="Project.Code2" name="FooterCheck" time="0.234"/>
  <system-out/>
</testsuite> <!-- Project.Code2 -->
