<?xml version="1.0" encoding="UTF-8"?>
<!-- Generated by org.testng.reporters.JUnitReportReporter -->
<testsuite hostname="LAPTOP-N5RAN06D" failures="0" tests="1" name="Jenkins.Jenkins" time="4.949" errors="0" timestamp="2022-04-06T21:40:52 IST" skipped="0">
  <testcase classname="Jenkins.Jenkins" name="Test" time="4.949"/>
  <system-out/>
</testsuite> <!-- Jenkins.Jenkins -->
