<?xml version="1.0" encoding="UTF-8"?>
<!-- Generated by org.testng.reporters.JUnitReportReporter -->
<testsuite hostname="LAPTOP-N5RAN06D" failures="0" tests="4" name="Project.Code2" time="2.840" errors="0" timestamp="2022-04-06T21:11:58 IST" skipped="0">
  <testcase classname="Project.Code2" name="NavBarCheck" time="1.837"/>
  <system-out/>
  <testcase classname="Project.Code2" name="HomePageCheck" time="0.279"/>
  <system-out/>
  <testcase classname="Project.Code2" name="CardCheck" time="0.414"/>
  <system-out/>
  <testcase classname="Project.Code2" name="FooterCheck" time="0.310"/>
  <system-out/>
</testsuite> <!-- Project.Code2 -->
