<?xml version="1.0" encoding="UTF-8"?>
<!-- Generated by org.testng.reporters.JUnitReportReporter -->
<testsuite hostname="LAPTOP-N5RAN06D" failures="0" tests="1" name="Project.AssertionHard" time="4.274" errors="0" timestamp="2022-04-06T21:17:09 IST" skipped="0">
  <testcase classname="Project.AssertionHard" name="hardAssertion" time="4.274"/>
  <system-out/>
</testsuite> <!-- Project.AssertionHard -->
