<?xml version="1.0" encoding="UTF-8"?>
<!-- Generated by org.testng.reporters.JUnitReportReporter -->
<testsuite hostname="LAPTOP-N5RAN06D" failures="0" tests="1" name="Project.AssertionHard" time="3.423" errors="0" timestamp="2022-04-06T19:42:59 IST" skipped="0">
  <testcase classname="Project.AssertionHard" name="hardAssertion" time="3.423"/>
  <system-out/>
</testsuite> <!-- Project.AssertionHard -->
