<?xml version="1.0" encoding="UTF-8"?>
<!-- Generated by org.testng.reporters.JUnitReportReporter -->
<testsuite hostname="LAPTOP-N5RAN06D" failures="0" tests="6" name="Project.Code1" time="45.094" errors="0" timestamp="2022-04-03T10:11:39 IST" skipped="0">
  <testcase classname="Project.Code1" name="signup" time="7.064"/>
  <system-out/>
  <testcase classname="Project.Code1" name="signup" time="7.454"/>
  <system-out/>
  <testcase classname="Project.Code1" name="signup" time="8.527"/>
  <system-out/>
  <testcase classname="Project.Code1" name="login" time="6.869"/>
  <system-out/>
  <testcase classname="Project.Code1" name="login" time="7.932"/>
  <system-out/>
  <testcase classname="Project.Code1" name="login" time="7.248"/>
  <system-out/>
</testsuite> <!-- Project.Code1 -->
